{"/home/osipov_ov/frontend-project-46/src/getDiff.js": {"path":"/home/osipov_ov/frontend-project-46/src/getDiff.js","statementMap":{"0":{"start":{"line":3,"column":16},"end":{"line":23,"column":1}},"1":{"start":{"line":4,"column":15},"end":{"line":4,"column":54}},"2":{"start":{"line":5,"column":23},"end":{"line":16,"column":3}},"3":{"start":{"line":6,"column":4},"end":{"line":6,"column":90}},"4":{"start":{"line":6,"column":42},"end":{"line":6,"column":90}},"5":{"start":{"line":7,"column":4},"end":{"line":7,"column":92}},"6":{"start":{"line":7,"column":42},"end":{"line":7,"column":92}},"7":{"start":{"line":9,"column":4},"end":{"line":13,"column":5}},"8":{"start":{"line":10,"column":6},"end":{"line":10,"column":87}},"9":{"start":{"line":10,"column":35},"end":{"line":10,"column":87}},"10":{"start":{"line":12,"column":6},"end":{"line":12,"column":77}},"11":{"start":{"line":14,"column":27},"end":{"line":14,"column":76}},"12":{"start":{"line":15,"column":4},"end":{"line":15,"column":64}},"13":{"start":{"line":17,"column":17},"end":{"line":21,"column":8}},"14":{"start":{"line":18,"column":17},"end":{"line":18,"column":52}},"15":{"start":{"line":19,"column":20},"end":{"line":19,"column":42}},"16":{"start":{"line":20,"column":4},"end":{"line":20,"column":29}},"17":{"start":{"line":22,"column":2},"end":{"line":22,"column":36}}},"fnMap":{"0":{"name":"(anonymous_0)","decl":{"start":{"line":3,"column":16},"end":{"line":3,"column":17}},"loc":{"start":{"line":3,"column":38},"end":{"line":23,"column":1}},"line":3},"1":{"name":"(anonymous_1)","decl":{"start":{"line":5,"column":23},"end":{"line":5,"column":24}},"loc":{"start":{"line":5,"column":44},"end":{"line":16,"column":3}},"line":5},"2":{"name":"(anonymous_2)","decl":{"start":{"line":17,"column":29},"end":{"line":17,"column":30}},"loc":{"start":{"line":17,"column":43},"end":{"line":21,"column":3}},"line":17}},"branchMap":{"0":{"loc":{"start":{"line":6,"column":4},"end":{"line":6,"column":90}},"type":"if","locations":[{"start":{"line":6,"column":4},"end":{"line":6,"column":90}},{"start":{},"end":{}}],"line":6},"1":{"loc":{"start":{"line":7,"column":4},"end":{"line":7,"column":92}},"type":"if","locations":[{"start":{"line":7,"column":4},"end":{"line":7,"column":92}},{"start":{},"end":{}}],"line":7},"2":{"loc":{"start":{"line":9,"column":4},"end":{"line":13,"column":5}},"type":"if","locations":[{"start":{"line":9,"column":4},"end":{"line":13,"column":5}},{"start":{},"end":{}}],"line":9},"3":{"loc":{"start":{"line":9,"column":10},"end":{"line":9,"column":56}},"type":"binary-expr","locations":[{"start":{"line":9,"column":10},"end":{"line":9,"column":31}},{"start":{"line":9,"column":35},"end":{"line":9,"column":56}}],"line":9},"4":{"loc":{"start":{"line":10,"column":6},"end":{"line":10,"column":87}},"type":"if","locations":[{"start":{"line":10,"column":6},"end":{"line":10,"column":87}},{"start":{},"end":{}}],"line":10}},"s":{"0":1,"1":1,"2":1,"3":5,"4":1,"5":4,"6":2,"7":2,"8":2,"9":1,"10":1,"11":0,"12":0,"13":1,"14":5,"15":5,"16":5,"17":1},"f":{"0":1,"1":5,"2":5},"b":{"0":[1,4],"1":[2,2],"2":[2,0],"3":[2,0],"4":[1,1]},"_coverageSchema":"1a1c01bbd47fc00a2c39e90264f33305004495a9","hash":"79bf401884b28f214766a6951a19243d6d2eaa48"}
,"/home/osipov_ov/frontend-project-46/src/index.js": {"path":"/home/osipov_ov/frontend-project-46/src/index.js","statementMap":{"0":{"start":{"line":8,"column":16},"end":{"line":23,"column":1}},"1":{"start":{"line":9,"column":24},"end":{"line":9,"column":62}},"2":{"start":{"line":10,"column":24},"end":{"line":10,"column":62}},"3":{"start":{"line":12,"column":20},"end":{"line":12,"column":59}},"4":{"start":{"line":13,"column":20},"end":{"line":13,"column":59}},"5":{"start":{"line":15,"column":21},"end":{"line":15,"column":41}},"6":{"start":{"line":16,"column":21},"end":{"line":16,"column":41}},"7":{"start":{"line":18,"column":26},"end":{"line":18,"column":57}},"8":{"start":{"line":22,"column":2},"end":{"line":22,"column":48}}},"fnMap":{"0":{"name":"(anonymous_0)","decl":{"start":{"line":8,"column":16},"end":{"line":8,"column":17}},"loc":{"start":{"line":8,"column":66},"end":{"line":23,"column":1}},"line":8}},"branchMap":{"0":{"loc":{"start":{"line":8,"column":39},"end":{"line":8,"column":61}},"type":"default-arg","locations":[{"start":{"line":8,"column":52},"end":{"line":8,"column":61}}],"line":8}},"s":{"0":1,"1":1,"2":1,"3":1,"4":1,"5":1,"6":1,"7":1,"8":1},"f":{"0":1},"b":{"0":[1]},"_coverageSchema":"1a1c01bbd47fc00a2c39e90264f33305004495a9","hash":"a010c194c3ea5f82da290f796dea833be5b7e101"}
,"/home/osipov_ov/frontend-project-46/src/parsers.js": {"path":"/home/osipov_ov/frontend-project-46/src/parsers.js","statementMap":{"0":{"start":{"line":3,"column":18},"end":{"line":3,"column":52}},"1":{"start":{"line":3,"column":32},"end":{"line":3,"column":52}}},"fnMap":{"0":{"name":"(anonymous_0)","decl":{"start":{"line":3,"column":18},"end":{"line":3,"column":19}},"loc":{"start":{"line":3,"column":32},"end":{"line":3,"column":52}},"line":3}},"branchMap":{},"s":{"0":1,"1":2},"f":{"0":2},"b":{},"_coverageSchema":"1a1c01bbd47fc00a2c39e90264f33305004495a9","hash":"2b3966146ec27acc1822f10e28c3d6fa90bd9492"}
,"/home/osipov_ov/frontend-project-46/src/formatters/index.js": {"path":"/home/osipov_ov/frontend-project-46/src/formatters/index.js","statementMap":{"0":{"start":{"line":4,"column":18},"end":{"line":15,"column":1}},"1":{"start":{"line":5,"column":2},"end":{"line":14,"column":3}},"2":{"start":{"line":7,"column":6},"end":{"line":7,"column":33}},"3":{"start":{"line":9,"column":6},"end":{"line":9,"column":32}},"4":{"start":{"line":11,"column":6},"end":{"line":11,"column":34}},"5":{"start":{"line":13,"column":6},"end":{"line":13,"column":107}}},"fnMap":{"0":{"name":"(anonymous_0)","decl":{"start":{"line":4,"column":18},"end":{"line":4,"column":19}},"loc":{"start":{"line":4,"column":40},"end":{"line":15,"column":1}},"line":4}},"branchMap":{"0":{"loc":{"start":{"line":5,"column":2},"end":{"line":14,"column":3}},"type":"switch","locations":[{"start":{"line":6,"column":4},"end":{"line":7,"column":33}},{"start":{"line":8,"column":4},"end":{"line":9,"column":32}},{"start":{"line":10,"column":4},"end":{"line":11,"column":34}},{"start":{"line":12,"column":4},"end":{"line":13,"column":107}}],"line":5}},"s":{"0":1,"1":1,"2":1,"3":0,"4":0,"5":0},"f":{"0":1},"b":{"0":[1,0,0,0]},"_coverageSchema":"1a1c01bbd47fc00a2c39e90264f33305004495a9","hash":"8548026045e9547e14ab0b56ded494b22d3bf3b9"}
,"/home/osipov_ov/frontend-project-46/src/formatters/plain.js": {"path":"/home/osipov_ov/frontend-project-46/src/formatters/plain.js","statementMap":{"0":{"start":{"line":3,"column":18},"end":{"line":7,"column":1}},"1":{"start":{"line":4,"column":2},"end":{"line":4,"column":49}},"2":{"start":{"line":4,"column":24},"end":{"line":4,"column":49}},"3":{"start":{"line":5,"column":2},"end":{"line":5,"column":51}},"4":{"start":{"line":5,"column":32},"end":{"line":5,"column":51}},"5":{"start":{"line":6,"column":2},"end":{"line":6,"column":22}},"6":{"start":{"line":9,"column":14},"end":{"line":21,"column":1}},"7":{"start":{"line":10,"column":17},"end":{"line":18,"column":8}},"8":{"start":{"line":11,"column":17},"end":{"line":11,"column":63}},"9":{"start":{"line":12,"column":4},"end":{"line":12,"column":121}},"10":{"start":{"line":12,"column":33},"end":{"line":12,"column":121}},"11":{"start":{"line":13,"column":4},"end":{"line":13,"column":85}},"12":{"start":{"line":13,"column":35},"end":{"line":13,"column":85}},"13":{"start":{"line":14,"column":4},"end":{"line":14,"column":150}},"14":{"start":{"line":14,"column":35},"end":{"line":14,"column":150}},"15":{"start":{"line":15,"column":4},"end":{"line":15,"column":48}},"16":{"start":{"line":15,"column":37},"end":{"line":15,"column":48}},"17":{"start":{"line":17,"column":4},"end":{"line":17,"column":58}},"18":{"start":{"line":19,"column":23},"end":{"line":19,"column":40}},"19":{"start":{"line":20,"column":2},"end":{"line":20,"column":22}}},"fnMap":{"0":{"name":"(anonymous_0)","decl":{"start":{"line":3,"column":18},"end":{"line":3,"column":19}},"loc":{"start":{"line":3,"column":28},"end":{"line":7,"column":1}},"line":3},"1":{"name":"(anonymous_1)","decl":{"start":{"line":9,"column":14},"end":{"line":9,"column":15}},"loc":{"start":{"line":9,"column":30},"end":{"line":21,"column":1}},"line":9},"2":{"name":"(anonymous_2)","decl":{"start":{"line":10,"column":29},"end":{"line":10,"column":30}},"loc":{"start":{"line":10,"column":44},"end":{"line":18,"column":3}},"line":10}},"branchMap":{"0":{"loc":{"start":{"line":4,"column":2},"end":{"line":4,"column":49}},"type":"if","locations":[{"start":{"line":4,"column":2},"end":{"line":4,"column":49}},{"start":{},"end":{}}],"line":4},"1":{"loc":{"start":{"line":5,"column":2},"end":{"line":5,"column":51}},"type":"if","locations":[{"start":{"line":5,"column":2},"end":{"line":5,"column":51}},{"start":{},"end":{}}],"line":5},"2":{"loc":{"start":{"line":11,"column":17},"end":{"line":11,"column":63}},"type":"cond-expr","locations":[{"start":{"line":11,"column":24},"end":{"line":11,"column":46}},{"start":{"line":11,"column":49},"end":{"line":11,"column":63}}],"line":11},"3":{"loc":{"start":{"line":12,"column":4},"end":{"line":12,"column":121}},"type":"if","locations":[{"start":{"line":12,"column":4},"end":{"line":12,"column":121}},{"start":{},"end":{}}],"line":12},"4":{"loc":{"start":{"line":13,"column":4},"end":{"line":13,"column":85}},"type":"if","locations":[{"start":{"line":13,"column":4},"end":{"line":13,"column":85}},{"start":{},"end":{}}],"line":13},"5":{"loc":{"start":{"line":14,"column":4},"end":{"line":14,"column":150}},"type":"if","locations":[{"start":{"line":14,"column":4},"end":{"line":14,"column":150}},{"start":{},"end":{}}],"line":14},"6":{"loc":{"start":{"line":15,"column":4},"end":{"line":15,"column":48}},"type":"if","locations":[{"start":{"line":15,"column":4},"end":{"line":15,"column":48}},{"start":{},"end":{}}],"line":15}},"s":{"0":1,"1":0,"2":0,"3":0,"4":0,"5":0,"6":1,"7":0,"8":0,"9":0,"10":0,"11":0,"12":0,"13":0,"14":0,"15":0,"16":0,"17":0,"18":0,"19":0},"f":{"0":0,"1":0,"2":0},"b":{"0":[0,0],"1":[0,0],"2":[0,0],"3":[0,0],"4":[0,0],"5":[0,0],"6":[0,0]},"_coverageSchema":"1a1c01bbd47fc00a2c39e90264f33305004495a9","hash":"ac643026239c8de06fb71870db112a2a1c219843"}
,"/home/osipov_ov/frontend-project-46/src/formatters/stylish.js": {"path":"/home/osipov_ov/frontend-project-46/src/formatters/stylish.js","statementMap":{"0":{"start":{"line":3,"column":18},"end":{"line":3,"column":91}},"1":{"start":{"line":3,"column":51},"end":{"line":3,"column":91}},"2":{"start":{"line":4,"column":19},"end":{"line":16,"column":1}},"3":{"start":{"line":5,"column":2},"end":{"line":5,"column":74}},"4":{"start":{"line":5,"column":52},"end":{"line":5,"column":74}},"5":{"start":{"line":6,"column":20},"end":{"line":14,"column":3}},"6":{"start":{"line":7,"column":24},"end":{"line":7,"column":43}},"7":{"start":{"line":8,"column":24},"end":{"line":8,"column":43}},"8":{"start":{"line":9,"column":19},"end":{"line":12,"column":11}},"9":{"start":{"line":10,"column":29},"end":{"line":10,"column":110}},"10":{"start":{"line":11,"column":6},"end":{"line":11,"column":65}},"11":{"start":{"line":13,"column":4},"end":{"line":13,"column":40}},"12":{"start":{"line":15,"column":2},"end":{"line":15,"column":40}},"13":{"start":{"line":17,"column":16},"end":{"line":33,"column":1}},"14":{"start":{"line":18,"column":29},"end":{"line":31,"column":3}},"15":{"start":{"line":19,"column":24},"end":{"line":19,"column":40}},"16":{"start":{"line":20,"column":24},"end":{"line":20,"column":44}},"17":{"start":{"line":21,"column":19},"end":{"line":21,"column":22}},"18":{"start":{"line":22,"column":17},"end":{"line":29,"column":10}},"19":{"start":{"line":23,"column":6},"end":{"line":23,"column":103}},"20":{"start":{"line":23,"column":30},"end":{"line":23,"column":103}},"21":{"start":{"line":24,"column":6},"end":{"line":24,"column":105}},"22":{"start":{"line":24,"column":32},"end":{"line":24,"column":105}},"23":{"start":{"line":25,"column":6},"end":{"line":25,"column":107}},"24":{"start":{"line":25,"column":34},"end":{"line":25,"column":107}},"25":{"start":{"line":26,"column":6},"end":{"line":26,"column":162}},"26":{"start":{"line":26,"column":32},"end":{"line":26,"column":162}},"27":{"start":{"line":28,"column":6},"end":{"line":28,"column":91}},"28":{"start":{"line":30,"column":4},"end":{"line":30,"column":47}},"29":{"start":{"line":32,"column":2},"end":{"line":32,"column":37}}},"fnMap":{"0":{"name":"(anonymous_0)","decl":{"start":{"line":3,"column":18},"end":{"line":3,"column":19}},"loc":{"start":{"line":3,"column":51},"end":{"line":3,"column":91}},"line":3},"1":{"name":"(anonymous_1)","decl":{"start":{"line":4,"column":19},"end":{"line":4,"column":20}},"loc":{"start":{"line":4,"column":44},"end":{"line":16,"column":1}},"line":4},"2":{"name":"(anonymous_2)","decl":{"start":{"line":6,"column":20},"end":{"line":6,"column":21}},"loc":{"start":{"line":6,"column":37},"end":{"line":14,"column":3}},"line":6},"3":{"name":"(anonymous_3)","decl":{"start":{"line":9,"column":47},"end":{"line":9,"column":48}},"loc":{"start":{"line":9,"column":70},"end":{"line":12,"column":5}},"line":9},"4":{"name":"(anonymous_4)","decl":{"start":{"line":17,"column":16},"end":{"line":17,"column":17}},"loc":{"start":{"line":17,"column":26},"end":{"line":33,"column":1}},"line":17},"5":{"name":"(anonymous_5)","decl":{"start":{"line":18,"column":29},"end":{"line":18,"column":30}},"loc":{"start":{"line":18,"column":46},"end":{"line":31,"column":3}},"line":18},"6":{"name":"(anonymous_6)","decl":{"start":{"line":22,"column":29},"end":{"line":22,"column":30}},"loc":{"start":{"line":22,"column":86},"end":{"line":29,"column":5}},"line":22}},"branchMap":{"0":{"loc":{"start":{"line":3,"column":26},"end":{"line":3,"column":46}},"type":"default-arg","locations":[{"start":{"line":3,"column":45},"end":{"line":3,"column":46}}],"line":3},"1":{"loc":{"start":{"line":5,"column":2},"end":{"line":5,"column":74}},"type":"if","locations":[{"start":{"line":5,"column":2},"end":{"line":5,"column":74}},{"start":{},"end":{}}],"line":5},"2":{"loc":{"start":{"line":5,"column":6},"end":{"line":5,"column":50}},"type":"binary-expr","locations":[{"start":{"line":5,"column":6},"end":{"line":5,"column":28}},{"start":{"line":5,"column":32},"end":{"line":5,"column":50}}],"line":5},"3":{"loc":{"start":{"line":10,"column":29},"end":{"line":10,"column":110}},"type":"cond-expr","locations":[{"start":{"line":10,"column":75},"end":{"line":10,"column":102}},{"start":{"line":10,"column":105},"end":{"line":10,"column":110}}],"line":10},"4":{"loc":{"start":{"line":10,"column":29},"end":{"line":10,"column":72}},"type":"binary-expr","locations":[{"start":{"line":10,"column":29},"end":{"line":10,"column":54}},{"start":{"line":10,"column":58},"end":{"line":10,"column":72}}],"line":10},"5":{"loc":{"start":{"line":23,"column":6},"end":{"line":23,"column":103}},"type":"if","locations":[{"start":{"line":23,"column":6},"end":{"line":23,"column":103}},{"start":{},"end":{}}],"line":23},"6":{"loc":{"start":{"line":24,"column":6},"end":{"line":24,"column":105}},"type":"if","locations":[{"start":{"line":24,"column":6},"end":{"line":24,"column":105}},{"start":{},"end":{}}],"line":24},"7":{"loc":{"start":{"line":25,"column":6},"end":{"line":25,"column":107}},"type":"if","locations":[{"start":{"line":25,"column":6},"end":{"line":25,"column":107}},{"start":{},"end":{}}],"line":25},"8":{"loc":{"start":{"line":26,"column":6},"end":{"line":26,"column":162}},"type":"if","locations":[{"start":{"line":26,"column":6},"end":{"line":26,"column":162}},{"start":{},"end":{}}],"line":26}},"s":{"0":1,"1":2,"2":1,"3":6,"4":6,"5":0,"6":0,"7":0,"8":0,"9":0,"10":0,"11":0,"12":0,"13":1,"14":1,"15":1,"16":1,"17":1,"18":1,"19":5,"20":1,"21":4,"22":2,"23":2,"24":1,"25":1,"26":1,"27":0,"28":1,"29":1},"f":{"0":2,"1":6,"2":0,"3":0,"4":1,"5":1,"6":5},"b":{"0":[1],"1":[6,0],"2":[6,0],"3":[0,0],"4":[0,0],"5":[1,4],"6":[2,2],"7":[1,1],"8":[1,0]},"_coverageSchema":"1a1c01bbd47fc00a2c39e90264f33305004495a9","hash":"7efb9490cd7eb61bb3b029141074e265dbb8ea20"}
}
